<?xml version="1.0" encoding="UTF-8"?>
<testsuite xmlns:xsi="http://www.w3.org/2001/XMLSchema-instance" xsi:noNamespaceSchemaLocation="https://maven.apache.org/surefire/maven-surefire-plugin/xsd/surefire-test-report-3.0.xsd" version="3.0" name="com.example.leetcode.LeetcodeApplicationTests" time="2.092" tests="1" errors="0" skipped="0" failures="0">
  <properties>
[...]
</properties>
  <testcase name="contextLoads" classname="com.example.leetcode.LeetcodeApplicationTests" time="0.994">
    <system-out><![CDATA[20:11:28.160 [main] INFO org.springframework.test.context.support.AnnotationConfigContextLoaderUtils -- Could not detect default configuration classes for test class [com.example.leetcode.LeetcodeApplicationTests]: LeetcodeApplicationTests does not declare any static, non-private, non-final, nested classes annotated with @Configuration.
20:11:28.231 [main] INFO org.springframework.boot.test.context.SpringBootTestContextBootstrapper -- Found @SpringBootConfiguration com.example.leetcode.LeetcodeApplication for test class com.example.leetcode.LeetcodeApplicationTests

  .   ____          _            __ _ _
 /\\ / ___'_ __ _ _(_)_ __  __ _ \ \ \ \
( ( )\___ | '_ | '_| | '_ \/ _` | \ \ \ \
 \\/  ___)| |_)| | | | | || (_| |  ) ) ) )
  '  |____| .__|_| |_|_| |_\__, | / / / /
 =========|_|==============|___/=/_/_/_/
 :: Spring Boot ::                (v3.1.2)

2023-08-11T20:11:28.663+02:00  INFO 11928 --- [           main] c.e.leetcode.LeetcodeApplicationTests    : Starting LeetcodeApplicationTests using Java 17.0.6 with PID 11928 (started by BRA19384 in C:\code\CODING_GAME\leetcode)
2023-08-11T20:11:28.665+02:00  INFO 11928 --- [           main] c.e.leetcode.LeetcodeApplicationTests    : No active profile set, falling back to 1 default profile: "default"
2023-08-11T20:11:29.103+02:00  INFO 11928 --- [           main] c.e.leetcode.LeetcodeApplicationTests    : Started LeetcodeApplicationTests in 0.688 seconds (process running for 1.576)
]]></system-out>
  </testcase>
</testsuite>